<?xml version="1.0" encoding="UTF-8"?>
<testsuite xmlns:xsi="http://www.w3.org/2001/XMLSchema-instance" xsi:noNamespaceSchemaLocation="https://maven.apache.org/surefire/maven-surefire-plugin/xsd/surefire-test-report-3.0.xsd" version="3.0" name="com.teamaloha.internshipprocessmanagement.InternshipProcessManagementApplicationTests" time="17.078" tests="1" errors="0" skipped="0" failures="0">
  <properties>
[...]
</properties>
  <testcase name="contextLoads" classname="com.teamaloha.internshipprocessmanagement.InternshipProcessManagementApplicationTests" time="0.333">
    <system-out><![CDATA[11:16:26.147 [main] INFO org.springframework.test.context.support.AnnotationConfigContextLoaderUtils -- Could not detect default configuration classes for test class [com.teamaloha.internshipprocessmanagement.InternshipProcessManagementApplicationTests]: InternshipProcessManagementApplicationTests does not declare any static, non-private, non-final, nested classes annotated with @Configuration.
11:16:26.197 [main] INFO org.springframework.boot.test.context.SpringBootTestContextBootstrapper -- Found @SpringBootConfiguration com.teamaloha.internshipprocessmanagement.InternshipProcessManagementApplication for test class com.teamaloha.internshipprocessmanagement.InternshipProcessManagementApplicationTests

  .   ____          _            __ _ _
 /\\ / ___'_ __ _ _(_)_ __  __ _ \ \ \ \
( ( )\___ | '_ | '_| | '_ \/ _` | \ \ \ \
 \\/  ___)| |_)| | | | | || (_| |  ) ) ) )
  '  |____| .__|_| |_|_| |_\__, | / / / /
 =========|_|==============|___/=/_/_/_/
 :: Spring Boot ::                (v3.1.5)

2024-01-22T11:16:26.391+03:00  INFO 92947 --- [           main] ernshipProcessManagementApplicationTests : Starting InternshipProcessManagementApplicationTests using Java 20 with PID 92947 (started by mens1s in /Users/mens1s/Desktop/intership/prodBackend/Prod_InternshipWebService)
2024-01-22T11:16:26.392+03:00  INFO 92947 --- [           main] ernshipProcessManagementApplicationTests : No active profile set, falling back to 1 default profile: "default"
2024-01-22T11:16:26.761+03:00  INFO 92947 --- [           main] .s.d.r.c.RepositoryConfigurationDelegate : Bootstrapping Spring Data JPA repositories in DEFAULT mode.
2024-01-22T11:16:26.823+03:00  INFO 92947 --- [           main] .s.d.r.c.RepositoryConfigurationDelegate : Finished Spring Data repository scanning in 58 ms. Found 15 JPA repository interfaces.
2024-01-22T11:16:26.955+03:00  INFO 92947 --- [           main] ptablePropertiesBeanFactoryPostProcessor : Post-processing PropertySource instances
2024-01-22T11:16:26.966+03:00  INFO 92947 --- [           main] c.u.j.EncryptablePropertySourceConverter : Converting PropertySource configurationProperties [org.springframework.boot.context.properties.source.ConfigurationPropertySourcesPropertySource] to AOP Proxy
2024-01-22T11:16:26.967+03:00  INFO 92947 --- [           main] c.u.j.EncryptablePropertySourceConverter : Converting PropertySource test [org.springframework.core.env.MapPropertySource] to EncryptableMapPropertySourceWrapper
2024-01-22T11:16:26.967+03:00  INFO 92947 --- [           main] c.u.j.EncryptablePropertySourceConverter : Converting PropertySource Inlined Test Properties [org.springframework.core.env.MapPropertySource] to EncryptableMapPropertySourceWrapper
2024-01-22T11:16:26.967+03:00  INFO 92947 --- [           main] c.u.j.EncryptablePropertySourceConverter : Converting PropertySource servletConfigInitParams [org.springframework.core.env.PropertySource$StubPropertySource] to EncryptablePropertySourceWrapper
2024-01-22T11:16:26.967+03:00  INFO 92947 --- [           main] c.u.j.EncryptablePropertySourceConverter : Converting PropertySource servletContextInitParams [org.springframework.web.context.support.ServletContextPropertySource] to EncryptableEnumerablePropertySourceWrapper
2024-01-22T11:16:26.967+03:00  INFO 92947 --- [           main] c.u.j.EncryptablePropertySourceConverter : Converting PropertySource systemProperties [org.springframework.core.env.PropertiesPropertySource] to EncryptableMapPropertySourceWrapper
2024-01-22T11:16:26.967+03:00  INFO 92947 --- [           main] c.u.j.EncryptablePropertySourceConverter : Converting PropertySource systemEnvironment [org.springframework.boot.env.SystemEnvironmentPropertySourceEnvironmentPostProcessor$OriginAwareSystemEnvironmentPropertySource] to EncryptableSystemEnvironmentPropertySourceWrapper
2024-01-22T11:16:26.967+03:00  INFO 92947 --- [           main] c.u.j.EncryptablePropertySourceConverter : Converting PropertySource random [org.springframework.boot.env.RandomValuePropertySource] to EncryptablePropertySourceWrapper
2024-01-22T11:16:26.968+03:00  INFO 92947 --- [           main] c.u.j.EncryptablePropertySourceConverter : Converting PropertySource Config resource 'class path resource [application.properties]' via location 'optional:classpath:/' [org.springframework.boot.env.OriginTrackedMapPropertySource] to EncryptableMapPropertySourceWrapper
2024-01-22T11:16:27.016+03:00  INFO 92947 --- [           main] c.u.j.filter.DefaultLazyPropertyFilter   : Property Filter custom Bean not found with name 'encryptablePropertyFilter'. Initializing Default Property Filter
2024-01-22T11:16:27.151+03:00  INFO 92947 --- [           main] c.u.j.r.DefaultLazyPropertyResolver      : Property Resolver custom Bean not found with name 'encryptablePropertyResolver'. Initializing Default Property Resolver
2024-01-22T11:16:27.152+03:00  INFO 92947 --- [           main] c.u.j.d.DefaultLazyPropertyDetector      : Property Detector custom Bean not found with name 'encryptablePropertyDetector'. Initializing Default Property Detector
2024-01-22T11:16:27.238+03:00  INFO 92947 --- [           main] o.hibernate.jpa.internal.util.LogHelper  : HHH000204: Processing PersistenceUnitInfo [name: default]
2024-01-22T11:16:27.266+03:00  INFO 92947 --- [           main] org.hibernate.Version                    : HHH000412: Hibernate ORM core version 6.2.13.Final
2024-01-22T11:16:27.268+03:00  INFO 92947 --- [           main] org.hibernate.cfg.Environment            : HHH000406: Using bytecode reflection optimizer
2024-01-22T11:16:27.271+03:00  WARN 92947 --- [           main] org.hibernate.orm.deprecation            : HHH90000021: Encountered deprecated setting [javax.persistence.validation.mode], use [jakarta.persistence.validation.mode] instead
2024-01-22T11:16:27.405+03:00  INFO 92947 --- [           main] o.s.o.j.p.SpringPersistenceUnitInfo      : No LoadTimeWeaver setup: ignoring JPA class transformer
2024-01-22T11:16:27.419+03:00  INFO 92947 --- [           main] com.zaxxer.hikari.HikariDataSource       : HikariPool-1 - Starting...
2024-01-22T11:16:30.898+03:00  INFO 92947 --- [           main] com.zaxxer.hikari.pool.HikariPool        : HikariPool-1 - Added connection com.mysql.cj.jdbc.ConnectionImpl@64f3991e
2024-01-22T11:16:30.902+03:00  INFO 92947 --- [           main] com.zaxxer.hikari.HikariDataSource       : HikariPool-1 - Start completed.
2024-01-22T11:16:31.396+03:00  WARN 92947 --- [           main] org.hibernate.orm.deprecation            : HHH90000025: MySQLDialect does not need to be specified explicitly using 'hibernate.dialect' (remove the property setting and it will be selected by default)
2024-01-22T11:16:32.016+03:00  INFO 92947 --- [           main] o.h.e.t.j.p.i.JtaPlatformInitiator       : HHH000489: No JTA platform available (set 'hibernate.transaction.jta.platform' to enable JTA platform integration)
2024-01-22T11:16:41.496+03:00  INFO 92947 --- [           main] j.LocalContainerEntityManagerFactoryBean : Initialized JPA EntityManagerFactory for persistence unit 'default'
2024-01-22T11:16:41.694+03:00  INFO 92947 --- [           main] o.s.d.j.r.query.QueryEnhancerFactory     : Hibernate is in classpath; If applicable, HQL parser will be used.
2024-01-22T11:16:41.884+03:00  INFO 92947 --- [           main] c.u.j.encryptor.DefaultLazyEncryptor     : Found Custom Encryptor Bean org.jasypt.encryption.pbe.PooledPBEStringEncryptor@f9d7d3f with name: jasyptStringEncryptor
2024-01-22T11:16:42.099+03:00  WARN 92947 --- [           main] JpaBaseConfiguration$JpaWebConfiguration : spring.jpa.open-in-view is enabled by default. Therefore, database queries may be performed during view rendering. Explicitly configure spring.jpa.open-in-view to disable this warning
2024-01-22T11:16:42.489+03:00  INFO 92947 --- [           main] o.s.s.web.DefaultSecurityFilterChain     : Will secure any request with [org.springframework.security.web.session.DisableEncodeUrlFilter@3c79071e, org.springframework.security.web.context.request.async.WebAsyncManagerIntegrationFilter@5e147821, org.springframework.security.web.context.SecurityContextHolderFilter@c360f40, org.springframework.security.web.header.HeaderWriterFilter@10b1f9f3, org.springframework.web.filter.CorsFilter@e73787, org.springframework.security.web.authentication.logout.LogoutFilter@618b147b, com.teamaloha.internshipprocessmanagement.filter.security.JwtAuthenticationFilter@636d4cdc, org.springframework.security.web.savedrequest.RequestCacheAwareFilter@efa6a81, org.springframework.security.web.servletapi.SecurityContextHolderAwareRequestFilter@3983b06d, org.springframework.security.web.authentication.AnonymousAuthenticationFilter@395065af, org.springframework.security.web.session.SessionManagementFilter@7b5f886d, org.springframework.security.web.access.ExceptionTranslationFilter@1c8bf01d, org.springframework.security.web.access.intercept.AuthorizationFilter@4cf5cf47]
2024-01-22T11:16:42.789+03:00  INFO 92947 --- [           main] ernshipProcessManagementApplicationTests : Started InternshipProcessManagementApplicationTests in 16.532 seconds (process running for 16.997)
2024-01-22T11:16:42.791+03:00  INFO 92947 --- [   scheduling-1] c.t.i.aspect.LoggingAspect               : Enter: com.teamaloha.internshipprocessmanagement.service.security.JpaUserDetailsService.emptyUsersCache() with argument[s] = []
2024-01-22T11:16:42.792+03:00  INFO 92947 --- [   scheduling-1] c.t.i.s.security.JpaUserDetailsService   : Emptying Users cache
]]></system-out>
    <system-err><![CDATA[Mon Jan 22 11:16:28 TRT 2024 WARN: Establishing SSL connection without server's identity verification is not recommended. According to MySQL 5.5.45+, 5.6.26+ and 5.7.6+ requirements SSL connection must be established by default if explicit option isn't set. For compliance with existing applications not using SSL the verifyServerCertificate property is set to 'false'. You need either to explicitly disable SSL by setting useSSL=false, or set useSSL=true and provide truststore for server certificate verification.
Mon Jan 22 11:16:31 TRT 2024 WARN: Establishing SSL connection without server's identity verification is not recommended. According to MySQL 5.5.45+, 5.6.26+ and 5.7.6+ requirements SSL connection must be established by default if explicit option isn't set. For compliance with existing applications not using SSL the verifyServerCertificate property is set to 'false'. You need either to explicitly disable SSL by setting useSSL=false, or set useSSL=true and provide truststore for server certificate verification.
Mon Jan 22 11:16:33 TRT 2024 WARN: Establishing SSL connection without server's identity verification is not recommended. According to MySQL 5.5.45+, 5.6.26+ and 5.7.6+ requirements SSL connection must be established by default if explicit option isn't set. For compliance with existing applications not using SSL the verifyServerCertificate property is set to 'false'. You need either to explicitly disable SSL by setting useSSL=false, or set useSSL=true and provide truststore for server certificate verification.
Mon Jan 22 11:16:36 TRT 2024 WARN: Establishing SSL connection without server's identity verification is not recommended. According to MySQL 5.5.45+, 5.6.26+ and 5.7.6+ requirements SSL connection must be established by default if explicit option isn't set. For compliance with existing applications not using SSL the verifyServerCertificate property is set to 'false'. You need either to explicitly disable SSL by setting useSSL=false, or set useSSL=true and provide truststore for server certificate verification.
Mon Jan 22 11:16:38 TRT 2024 WARN: Establishing SSL connection without server's identity verification is not recommended. According to MySQL 5.5.45+, 5.6.26+ and 5.7.6+ requirements SSL connection must be established by default if explicit option isn't set. For compliance with existing applications not using SSL the verifyServerCertificate property is set to 'false'. You need either to explicitly disable SSL by setting useSSL=false, or set useSSL=true and provide truststore for server certificate verification.
Mon Jan 22 11:16:41 TRT 2024 WARN: Establishing SSL connection without server's identity verification is not recommended. According to MySQL 5.5.45+, 5.6.26+ and 5.7.6+ requirements SSL connection must be established by default if explicit option isn't set. For compliance with existing applications not using SSL the verifyServerCertificate property is set to 'false'. You need either to explicitly disable SSL by setting useSSL=false, or set useSSL=true and provide truststore for server certificate verification.
]]></system-err>
  </testcase>
</testsuite>